<?xml version="1.0" encoding="UTF-8"?>
<testng-results skipped="1" failed="1" ignored="0" total="3" passed="1">
  <reporter-output>
  </reporter-output>
  <suite name="MyFirstTest" duration-ms="5883" started-at="2019-01-26T11:55:05Z" finished-at="2019-01-26T11:55:11Z">
    <groups>
      <group name="regression">
        <method signature="FacebookTests.checkCreateAccountLabel()[pri:0, instance:com.bix.selenium.test.FacebookTests@239963d8]" name="checkCreateAccountLabel" class="com.bix.selenium.test.FacebookTests"/>
      </group> <!-- regression -->
      <group name="e2e">
        <method signature="FacebookTests.checkCreateAccountLabel()[pri:0, instance:com.bix.selenium.test.FacebookTests@239963d8]" name="checkCreateAccountLabel" class="com.bix.selenium.test.FacebookTests"/>
      </group> <!-- e2e -->
      <group name="grp1">
        <method signature="FacebookTests.checkCreateAccountLabel()[pri:0, instance:com.bix.selenium.test.FacebookTests@239963d8]" name="checkCreateAccountLabel" class="com.bix.selenium.test.FacebookTests"/>
      </group> <!-- grp1 -->
    </groups>
    <test name="GroupTest" duration-ms="5883" started-at="2019-01-26T11:55:05Z" finished-at="2019-01-26T11:55:11Z">
      <class name="com.bix.selenium.test.FacebookTests">
        <test-method status="PASS" signature="init()[pri:0, instance:com.bix.selenium.test.FacebookTests@239963d8]" name="init" is-config="true" duration-ms="1309" started-at="2019-01-26T11:55:05Z" finished-at="2019-01-26T11:55:07Z">
          <reporter-output>
          </reporter-output>
        </test-method> <!-- init -->
        <test-method status="FAIL" signature="checkCreateAccountLabel()[pri:0, instance:com.bix.selenium.test.FacebookTests@239963d8]" name="checkCreateAccountLabel" duration-ms="11" started-at="2019-01-26T11:55:07Z" finished-at="2019-01-26T11:55:07Z">
          <exception class="org.testng.internal.thread.ThreadTimeoutException">
            <message>
              <![CDATA[Method com.bix.selenium.test.FacebookTests.checkCreateAccountLabel() didn't finish within the time-out 4]]>
            </message>
            <full-stacktrace>
              <![CDATA[org.testng.internal.thread.ThreadTimeoutException: Method com.bix.selenium.test.FacebookTests.checkCreateAccountLabel() didn't finish within the time-out 4
at java.net.SocketInputStream.socketRead0(Native Method)
at java.net.SocketInputStream.socketRead(SocketInputStream.java:116)
at java.net.SocketInputStream.read(SocketInputStream.java:171)
at java.net.SocketInputStream.read(SocketInputStream.java:141)
at okio.Okio$2.read(Okio.java:140)
at okio.AsyncTimeout$2.read(AsyncTimeout.java:237)
at okio.RealBufferedSource.indexOf(RealBufferedSource.java:355)
at okio.RealBufferedSource.readUtf8LineStrict(RealBufferedSource.java:227)
at okhttp3.internal.http1.Http1Codec.readHeaderLine(Http1Codec.java:215)
at okhttp3.internal.http1.Http1Codec.readResponseHeaders(Http1Codec.java:189)
at okhttp3.internal.http.CallServerInterceptor.intercept(CallServerInterceptor.java:88)
at okhttp3.internal.http.RealInterceptorChain.proceed(RealInterceptorChain.java:147)
at okhttp3.internal.http.RealInterceptorChain.proceed(RealInterceptorChain.java:121)
at org.openqa.selenium.remote.internal.OkHttpClient$Factory$1.lambda$createClient$1(OkHttpClient.java:152)
at org.openqa.selenium.remote.internal.OkHttpClient$Factory$1$$Lambda$1/1849201180.intercept(Unknown Source)
at okhttp3.internal.http.RealInterceptorChain.proceed(RealInterceptorChain.java:147)
at okhttp3.internal.connection.ConnectInterceptor.intercept(ConnectInterceptor.java:45)
at okhttp3.internal.http.RealInterceptorChain.proceed(RealInterceptorChain.java:147)
at okhttp3.internal.http.RealInterceptorChain.proceed(RealInterceptorChain.java:121)
at okhttp3.internal.cache.CacheInterceptor.intercept(CacheInterceptor.java:93)
at okhttp3.internal.http.RealInterceptorChain.proceed(RealInterceptorChain.java:147)
at okhttp3.internal.http.RealInterceptorChain.proceed(RealInterceptorChain.java:121)
at okhttp3.internal.http.BridgeInterceptor.intercept(BridgeInterceptor.java:93)
at okhttp3.internal.http.RealInterceptorChain.proceed(RealInterceptorChain.java:147)
at okhttp3.internal.http.RetryAndFollowUpInterceptor.intercept(RetryAndFollowUpInterceptor.java:126)
at okhttp3.internal.http.RealInterceptorChain.proceed(RealInterceptorChain.java:147)
at okhttp3.internal.http.RealInterceptorChain.proceed(RealInterceptorChain.java:121)
at okhttp3.RealCall.getResponseWithInterceptorChain(RealCall.java:200)
at okhttp3.RealCall.execute(RealCall.java:77)
at org.openqa.selenium.remote.internal.OkHttpClient.execute(OkHttpClient.java:103)
at org.openqa.selenium.remote.HttpCommandExecutor.execute(HttpCommandExecutor.java:155)
at org.openqa.selenium.remote.service.DriverCommandExecutor.execute(DriverCommandExecutor.java:83)
at org.openqa.selenium.remote.RemoteWebDriver.execute(RemoteWebDriver.java:552)
at org.openqa.selenium.remote.RemoteWebDriver.get(RemoteWebDriver.java:277)
at com.bix.selenium.test.FacebookTests.checkCreateAccountLabel(FacebookTests.java:40)
at sun.reflect.NativeMethodAccessorImpl.invoke0(Native Method)
at sun.reflect.NativeMethodAccessorImpl.invoke(NativeMethodAccessorImpl.java:62)
at sun.reflect.DelegatingMethodAccessorImpl.invoke(DelegatingMethodAccessorImpl.java:43)
at java.lang.reflect.Method.invoke(Method.java:498)
at org.testng.internal.MethodInvocationHelper.invokeMethod(MethodInvocationHelper.java:124)
at org.testng.internal.InvokeMethodRunnable.runOne(InvokeMethodRunnable.java:54)
at org.testng.internal.InvokeMethodRunnable.run(InvokeMethodRunnable.java:44)
at java.util.concurrent.Executors$RunnableAdapter.call(Executors.java:511)
at java.util.concurrent.FutureTask.run(FutureTask.java:266)
at java.util.concurrent.ThreadPoolExecutor.runWorker(ThreadPoolExecutor.java:1149)
at java.util.concurrent.ThreadPoolExecutor$Worker.run(ThreadPoolExecutor.java:624)
at java.lang.Thread.run(Thread.java:748)
]]>
            </full-stacktrace>
          </exception> <!-- org.testng.internal.thread.ThreadTimeoutException -->
          <reporter-output>
          </reporter-output>
        </test-method> <!-- checkCreateAccountLabel -->
        <test-method status="PASS" signature="checkCreateAccountLabel1()[pri:0, instance:com.bix.selenium.test.FacebookTests@239963d8]" name="checkCreateAccountLabel1" duration-ms="4542" started-at="2019-01-26T11:55:07Z" depends-on-methods="com.bix.selenium.test.FacebookTests.checkCreateAccountLabel" finished-at="2019-01-26T11:55:11Z">
          <reporter-output>
          </reporter-output>
        </test-method> <!-- checkCreateAccountLabel1 -->
        <test-method status="SKIP" signature="checkGenderRadioButtons()[pri:0, instance:com.bix.selenium.test.FacebookTests@239963d8]" name="checkGenderRadioButtons" duration-ms="0" depends-on-groups="e2e" started-at="2019-01-26T11:55:11Z" finished-at="2019-01-26T11:55:11Z">
          <exception class="java.lang.Throwable">
            <message>
              <![CDATA[Method FacebookTests.checkGenderRadioButtons()[pri:0, instance:com.bix.selenium.test.FacebookTests@239963d8] depends on not successfully finished methods in group "e2e"]]>
            </message>
            <full-stacktrace>
              <![CDATA[java.lang.Throwable: Method FacebookTests.checkGenderRadioButtons()[pri:0, instance:com.bix.selenium.test.FacebookTests@239963d8] depends on not successfully finished methods in group "e2e"
at org.testng.internal.Invoker.invokeTestMethods(Invoker.java:888)
at org.testng.internal.TestMethodWorker.invokeTestMethods(TestMethodWorker.java:125)
at org.testng.internal.TestMethodWorker.run(TestMethodWorker.java:109)
at org.testng.TestRunner.privateRun(TestRunner.java:648)
at org.testng.TestRunner.run(TestRunner.java:505)
at org.testng.SuiteRunner.runTest(SuiteRunner.java:455)
at org.testng.SuiteRunner.runSequentially(SuiteRunner.java:450)
at org.testng.SuiteRunner.privateRun(SuiteRunner.java:415)
at org.testng.SuiteRunner.run(SuiteRunner.java:364)
at org.testng.SuiteRunnerWorker.runSuite(SuiteRunnerWorker.java:52)
at org.testng.SuiteRunnerWorker.run(SuiteRunnerWorker.java:84)
at org.testng.TestNG.runSuitesSequentially(TestNG.java:1208)
at org.testng.TestNG.runSuitesLocally(TestNG.java:1137)
at org.testng.TestNG.runSuites(TestNG.java:1049)
at org.testng.TestNG.run(TestNG.java:1017)
at org.testng.remote.AbstractRemoteTestNG.run(AbstractRemoteTestNG.java:114)
at org.testng.remote.RemoteTestNG.initAndRun(RemoteTestNG.java:251)
at org.testng.remote.RemoteTestNG.main(RemoteTestNG.java:77)
]]>
            </full-stacktrace>
          </exception> <!-- java.lang.Throwable -->
          <reporter-output>
          </reporter-output>
        </test-method> <!-- checkGenderRadioButtons -->
        <test-method status="PASS" signature="finish()[pri:0, instance:com.bix.selenium.test.FacebookTests@239963d8]" name="finish" is-config="true" duration-ms="1" started-at="2019-01-26T11:55:11Z" finished-at="2019-01-26T11:55:11Z">
          <reporter-output>
          </reporter-output>
        </test-method> <!-- finish -->
      </class> <!-- com.bix.selenium.test.FacebookTests -->
    </test> <!-- GroupTest -->
  </suite> <!-- MyFirstTest -->
</testng-results>
